<?xml version="1.0" encoding="UTF-8"?>
<testng-results skipped="0" failed="0" total="1" passed="1">
  <reporter-output>
  </reporter-output>
  <suite name="Default suite" duration-ms="54647" started-at="2018-05-28T11:27:37Z" finished-at="2018-05-28T11:28:32Z">
    <groups>
    </groups>
    <test name="Default test" duration-ms="54647" started-at="2018-05-28T11:27:37Z" finished-at="2018-05-28T11:28:32Z">
      <class name="intermediate.assignment1.Test2">
        <test-method status="PASS" signature="setUp()" name="setUp" is-config="true" duration-ms="35545" started-at="2018-05-28T11:27:38Z" finished-at="2018-05-28T11:28:13Z">
        </test-method>
        <test-method status="PASS" signature="testCrossFinal()" name="testCrossFinal" duration-ms="18820" started-at="2018-05-28T11:28:13Z" finished-at="2018-05-28T11:28:32Z">
        </test-method>
        <test-method status="PASS" signature="tearDown(org.testng.ITestResult)" name="tearDown" is-config="true" duration-ms="1" started-at="2018-05-28T11:28:32Z" finished-at="2018-05-28T11:28:32Z">
          <params>
            <param index="0">
              <value>
                <![CDATA[[TestResult: testCrossFinal STATUS:SUCCESS METHOD:intermediate.assignment1.Test2.testCrossFinal()]
]]>
              </value>
            </param>
          </params>
        </test-method>
      </class>
    </test>
  </suite>
</testng-results>
